This is pdfTeX, Version 3.141592653-2.6-1.40.24 (TeX Live 2022) (preloaded format=pdflatex 2023.3.16)  23 OCT 2023 10:25
entering extended mode
 restricted \write18 enabled.
 %&-line parsing enabled.
**paper.tex
(./paper.tex
LaTeX2e <2022-11-01> patch level 1
L3 programming layer <2023-02-22> (c:/Users/vandermeersch/AppData/Roaming/TinyTeX/texmf-dist/tex/latex/base/article.cls
Document Class: article 2022/07/02 v1.4n Standard LaTeX document class
(c:/Users/vandermeersch/AppData/Roaming/TinyTeX/texmf-dist/tex/latex/base/size11.clo
File: size11.clo 2022/07/02 v1.4n Standard LaTeX file (size option)
)
\c@part=\count185
\c@section=\count186
\c@subsection=\count187
\c@subsubsection=\count188
\c@paragraph=\count189
\c@subparagraph=\count190
\c@figure=\count191
\c@table=\count192
\abovecaptionskip=\skip48
\belowcaptionskip=\skip49
\bibindent=\dimen140
) (c:/Users/vandermeersch/AppData/Roaming/TinyTeX/texmf-dist/tex/latex/geometry/geometry.sty
Package: geometry 2020/01/02 v5.9 Page Geometry
(c:/Users/vandermeersch/AppData/Roaming/TinyTeX/texmf-dist/tex/latex/graphics/keyval.sty
Package: keyval 2022/05/29 v1.15 key=value parser (DPC)
\KV@toks@=\toks16
) (c:/Users/vandermeersch/AppData/Roaming/TinyTeX/texmf-dist/tex/generic/iftex/ifvtex.sty
Package: ifvtex 2019/10/25 v1.7 ifvtex legacy package. Use iftex instead.
(c:/Users/vandermeersch/AppData/Roaming/TinyTeX/texmf-dist/tex/generic/iftex/iftex.sty
Package: iftex 2022/02/03 v1.0f TeX engine tests
))
\Gm@cnth=\count193
\Gm@cntv=\count194
\c@Gm@tempcnt=\count195
\Gm@bindingoffset=\dimen141
\Gm@wd@mp=\dimen142
\Gm@odd@mp=\dimen143
\Gm@even@mp=\dimen144
\Gm@layoutwidth=\dimen145
\Gm@layoutheight=\dimen146
\Gm@layouthoffset=\dimen147
\Gm@layoutvoffset=\dimen148
\Gm@dimlist=\toks17
) (c:/Users/vandermeersch/AppData/Roaming/TinyTeX/texmf-dist/tex/latex/libertine/libertine.sty
Package: libertine 2022/09/12 (Bob Tennent) Supports Libertine and Biolinum fonts for all LaTeX engines.
(c:/Users/vandermeersch/AppData/Roaming/TinyTeX/texmf-dist/tex/generic/iftex/ifxetex.sty
Package: ifxetex 2019/10/25 v0.7 ifxetex legacy package. Use iftex instead.
) (c:/Users/vandermeersch/AppData/Roaming/TinyTeX/texmf-dist/tex/generic/iftex/ifluatex.sty
Package: ifluatex 2019/10/25 v1.5 ifluatex legacy package. Use iftex instead.
) (c:/Users/vandermeersch/AppData/Roaming/TinyTeX/texmf-dist/tex/latex/xkeyval/xkeyval.sty
Package: xkeyval 2022/06/16 v2.9 package option processing (HA)
(c:/Users/vandermeersch/AppData/Roaming/TinyTeX/texmf-dist/tex/generic/xkeyval/xkeyval.tex (c:/Users/vandermeersch/AppData/Roaming/TinyTeX/texmf-dist/tex/generic/xkeyval/xkvutils.tex
\XKV@toks=\toks18
\XKV@tempa@toks=\toks19
)
\XKV@depth=\count196
File: xkeyval.tex 2014/12/03 v2.7a key=value parser (HA)
)) (c:/Users/vandermeersch/AppData/Roaming/TinyTeX/texmf-dist/tex/latex/base/textcomp.sty
Package: textcomp 2020/02/02 v2.0n Standard LaTeX package
) (c:/Users/vandermeersch/AppData/Roaming/TinyTeX/texmf-dist/tex/latex/base/fontenc.sty
Package: fontenc 2021/04/29 v2.0v Standard LaTeX package
) (c:/Users/vandermeersch/AppData/Roaming/TinyTeX/texmf-dist/tex/latex/fontaxes/fontaxes.sty
Package: fontaxes 2020/07/21 v1.0e Font selection axes
LaTeX Info: Redefining \upshape on input line 29.
LaTeX Info: Redefining \itshape on input line 31.
LaTeX Info: Redefining \slshape on input line 33.
LaTeX Info: Redefining \swshape on input line 35.
LaTeX Info: Redefining \scshape on input line 37.
LaTeX Info: Redefining \sscshape on input line 39.
LaTeX Info: Redefining \ulcshape on input line 41.
LaTeX Info: Redefining \textsw on input line 47.
LaTeX Info: Redefining \textssc on input line 48.
LaTeX Info: Redefining \textulc on input line 49.
)
LaTeX Info: Redefining \oldstylenums on input line 483.
(c:/Users/vandermeersch/AppData/Roaming/TinyTeX/texmf-dist/tex/latex/libertine/LinLibertine_I.tex)) (c:/Users/vandermeersch/AppData/Roaming/TinyTeX/texmf-dist/tex/latex/base/fontenc.sty
Package: fontenc 2021/04/29 v2.0v Standard LaTeX package
LaTeX Font Info:    Trying to load font information for T1+LinuxLibertineT-TLF on input line 112.
(c:/Users/vandermeersch/AppData/Roaming/TinyTeX/texmf-dist/tex/latex/libertine/T1LinuxLibertineT-TLF.fd
File: T1LinuxLibertineT-TLF.fd 2017/03/20 (autoinst) Font definitions for T1/LinuxLibertineT-TLF.
)
LaTeX Font Info:    Font shape `T1/LinuxLibertineT-TLF/m/n' will be
(Font)              scaled to size 10.95pt on input line 112.
) (c:/Users/vandermeersch/AppData/Roaming/TinyTeX/texmf-dist/tex/latex/base/inputenc.sty
Package: inputenc 2021/02/14 v1.3d Input encoding file
\inpenc@prehook=\toks20
\inpenc@posthook=\toks21
) (c:/Users/vandermeersch/AppData/Roaming/TinyTeX/texmf-dist/tex/latex/abstract/abstract.sty
Package: abstract 2009/06/08 v1.2a configurable abstracts
\abstitleskip=\skip50
\absleftindent=\skip51
\absrightindent=\skip52
\absparindent=\skip53
\absparsep=\skip54
) (c:/Users/vandermeersch/AppData/Roaming/TinyTeX/texmf-dist/tex/latex/graphics/graphicx.sty
Package: graphicx 2021/09/16 v1.2d Enhanced LaTeX Graphics (DPC,SPQR)
(c:/Users/vandermeersch/AppData/Roaming/TinyTeX/texmf-dist/tex/latex/graphics/graphics.sty
Package: graphics 2022/03/10 v1.4e Standard LaTeX Graphics (DPC,SPQR)
(c:/Users/vandermeersch/AppData/Roaming/TinyTeX/texmf-dist/tex/latex/graphics/trig.sty
Package: trig 2021/08/11 v1.11 sin cos tan (DPC)
) (c:/Users/vandermeersch/AppData/Roaming/TinyTeX/texmf-dist/tex/latex/graphics-cfg/graphics.cfg
File: graphics.cfg 2016/06/04 v1.11 sample graphics configuration
)
Package graphics Info: Driver file: pdftex.def on input line 107.
(c:/Users/vandermeersch/AppData/Roaming/TinyTeX/texmf-dist/tex/latex/graphics-def/pdftex.def
File: pdftex.def 2022/09/22 v1.2b Graphics/color driver for pdftex
))
\Gin@req@height=\dimen149
\Gin@req@width=\dimen150
) (c:/Users/vandermeersch/AppData/Roaming/TinyTeX/texmf-dist/tex/latex/grffile/grffile.sty
Package: grffile 2019/11/11 v2.1 Extended file name support for graphics (legacy)
Package grffile Info: This package is an empty stub for compatibility on input line 40.
) (c:/Users/vandermeersch/AppData/Roaming/TinyTeX/texmf-dist/tex/latex/titlesec/titlesec.sty
Package: titlesec 2021/07/05 v2.14 Sectioning titles
\ttl@box=\box51
\beforetitleunit=\skip55
\aftertitleunit=\skip56
\ttl@plus=\dimen151
\ttl@minus=\dimen152
\ttl@toksa=\toks22
\titlewidth=\dimen153
\titlewidthlast=\dimen154
\titlewidthfirst=\dimen155
) (c:/Users/vandermeersch/AppData/Roaming/TinyTeX/texmf-dist/tex/latex/biblatex/biblatex.sty
Package: biblatex 2023/03/05 v3.19 programmable bibliographies (PK/MW)
(c:/Users/vandermeersch/AppData/Roaming/TinyTeX/texmf-dist/tex/generic/pdftexcmds/pdftexcmds.sty
Package: pdftexcmds 2020-06-27 v0.33 Utility functions of pdfTeX for LuaTeX (HO)
(c:/Users/vandermeersch/AppData/Roaming/TinyTeX/texmf-dist/tex/generic/infwarerr/infwarerr.sty
Package: infwarerr 2019/12/03 v1.5 Providing info/warning/error messages (HO)
) (c:/Users/vandermeersch/AppData/Roaming/TinyTeX/texmf-dist/tex/generic/ltxcmds/ltxcmds.sty
Package: ltxcmds 2020-05-10 v1.25 LaTeX kernel commands for general use (HO)
)
Package pdftexcmds Info: \pdf@primitive is available.
Package pdftexcmds Info: \pdf@ifprimitive is available.
Package pdftexcmds Info: \pdfdraftmode found.
) (c:/Users/vandermeersch/AppData/Roaming/TinyTeX/texmf-dist/tex/latex/etoolbox/etoolbox.sty
Package: etoolbox 2020/10/05 v2.5k e-TeX tools for LaTeX (JAW)
\etb@tempcnta=\count197
) (c:/Users/vandermeersch/AppData/Roaming/TinyTeX/texmf-dist/tex/latex/kvoptions/kvoptions.sty
Package: kvoptions 2022-06-15 v3.15 Key value format for package options (HO)
(c:/Users/vandermeersch/AppData/Roaming/TinyTeX/texmf-dist/tex/latex/kvsetkeys/kvsetkeys.sty
Package: kvsetkeys 2022-10-05 v1.19 Key value parser (HO)
)) (c:/Users/vandermeersch/AppData/Roaming/TinyTeX/texmf-dist/tex/latex/logreq/logreq.sty
Package: logreq 2010/08/04 v1.0 xml request logger
\lrq@indent=\count198
(c:/Users/vandermeersch/AppData/Roaming/TinyTeX/texmf-dist/tex/latex/logreq/logreq.def
File: logreq.def 2010/08/04 v1.0 logreq spec v1.0
)) (c:/Users/vandermeersch/AppData/Roaming/TinyTeX/texmf-dist/tex/latex/base/ifthen.sty
Package: ifthen 2022/04/13 v1.1d Standard LaTeX ifthen package (DPC)
) (c:/Users/vandermeersch/AppData/Roaming/TinyTeX/texmf-dist/tex/latex/url/url.sty
\Urlmuskip=\muskip16
Package: url 2013/09/16  ver 3.4  Verb mode for urls, etc.
)
\c@tabx@nest=\count199
\c@listtotal=\count266
\c@listcount=\count267
\c@liststart=\count268
\c@liststop=\count269
\c@citecount=\count270
\c@citetotal=\count271
\c@multicitecount=\count272
\c@multicitetotal=\count273
\c@instcount=\count274
\c@maxnames=\count275
\c@minnames=\count276
\c@maxitems=\count277
\c@minitems=\count278
\c@citecounter=\count279
\c@maxcitecounter=\count280
\c@savedcitecounter=\count281
\c@uniquelist=\count282
\c@uniquename=\count283
\c@refsection=\count284
\c@refsegment=\count285
\c@maxextratitle=\count286
\c@maxextratitleyear=\count287
\c@maxextraname=\count288
\c@maxextradate=\count289
\c@maxextraalpha=\count290
\c@abbrvpenalty=\count291
\c@highnamepenalty=\count292
\c@lownamepenalty=\count293
\c@maxparens=\count294
\c@parenlevel=\count295
\blx@tempcnta=\count296
\blx@tempcntb=\count297
\blx@tempcntc=\count298
\c@blx@maxsection=\count299
\blx@maxsegment@0=\count300
\blx@notetype=\count301
\blx@parenlevel@text=\count302
\blx@parenlevel@foot=\count303
\blx@sectionciteorder@0=\count304
\blx@sectionciteorderinternal@0=\count305
\blx@entrysetcounter=\count306
\blx@biblioinstance=\count307
\labelnumberwidth=\skip57
\labelalphawidth=\skip58
\biblabelsep=\skip59
\bibitemsep=\skip60
\bibnamesep=\skip61
\bibinitsep=\skip62
\bibparsep=\skip63
\bibhang=\skip64
\blx@bcfin=\read2
\blx@bcfout=\write3
\blx@langwohyphens=\language3
\c@mincomprange=\count308
\c@maxcomprange=\count309
\c@mincompwidth=\count310
Package biblatex Info: Trying to load biblatex default data model...
Package biblatex Info: ... file 'blx-dm.def' found.
(c:/Users/vandermeersch/AppData/Roaming/TinyTeX/texmf-dist/tex/latex/biblatex/blx-dm.def
File: blx-dm.def 2023/03/05 v3.19 biblatex localization (PK/MW)
)
Package biblatex Info: Trying to load biblatex custom data model...
Package biblatex Info: ... file 'biblatex-dm.cfg' not found.
\c@afterword=\count311
\c@savedafterword=\count312
\c@annotator=\count313
\c@savedannotator=\count314
\c@author=\count315
\c@savedauthor=\count316
\c@bookauthor=\count317
\c@savedbookauthor=\count318
\c@commentator=\count319
\c@savedcommentator=\count320
\c@editor=\count321
\c@savededitor=\count322
\c@editora=\count323
\c@savededitora=\count324
\c@editorb=\count325
\c@savededitorb=\count326
\c@editorc=\count327
\c@savededitorc=\count328
\c@foreword=\count329
\c@savedforeword=\count330
\c@holder=\count331
\c@savedholder=\count332
\c@introduction=\count333
\c@savedintroduction=\count334
\c@namea=\count335
\c@savednamea=\count336
\c@nameb=\count337
\c@savednameb=\count338
\c@namec=\count339
\c@savednamec=\count340
\c@translator=\count341
\c@savedtranslator=\count342
\c@shortauthor=\count343
\c@savedshortauthor=\count344
\c@shorteditor=\count345
\c@savedshorteditor=\count346
\c@labelname=\count347
\c@savedlabelname=\count348
\c@institution=\count349
\c@savedinstitution=\count350
\c@lista=\count351
\c@savedlista=\count352
\c@listb=\count353
\c@savedlistb=\count354
\c@listc=\count355
\c@savedlistc=\count356
\c@listd=\count357
\c@savedlistd=\count358
\c@liste=\count359
\c@savedliste=\count360
\c@listf=\count361
\c@savedlistf=\count362
\c@location=\count363
\c@savedlocation=\count364
\c@organization=\count365
\c@savedorganization=\count366
\c@origlocation=\count367
\c@savedoriglocation=\count368
\c@origpublisher=\count369
\c@savedorigpublisher=\count370
\c@publisher=\count371
\c@savedpublisher=\count372
\c@language=\count373
\c@savedlanguage=\count374
\c@origlanguage=\count375
\c@savedoriglanguage=\count376
\c@pageref=\count377
\c@savedpageref=\count378
\shorthandwidth=\skip65
\shortjournalwidth=\skip66
\shortserieswidth=\skip67
\shorttitlewidth=\skip68
\shortauthorwidth=\skip69
\shorteditorwidth=\skip70
\locallabelnumberwidth=\skip71
\locallabelalphawidth=\skip72
\localshorthandwidth=\skip73
\localshortjournalwidth=\skip74
\localshortserieswidth=\skip75
\localshorttitlewidth=\skip76
\localshortauthorwidth=\skip77
\localshorteditorwidth=\skip78
Package biblatex Info: Trying to load compatibility code...
Package biblatex Info: ... file 'blx-compat.def' found.
(c:/Users/vandermeersch/AppData/Roaming/TinyTeX/texmf-dist/tex/latex/biblatex/blx-compat.def
File: blx-compat.def 2023/03/05 v3.19 biblatex compatibility (PK/MW)
)
Package biblatex Info: Trying to load generic definitions...
Package biblatex Info: ... file 'biblatex.def' found.
(c:/Users/vandermeersch/AppData/Roaming/TinyTeX/texmf-dist/tex/latex/biblatex/biblatex.def
File: biblatex.def 2023/03/05 v3.19 biblatex compatibility (PK/MW)
\c@textcitecount=\count379
\c@textcitetotal=\count380
\c@textcitemaxnames=\count381
\c@biburlbigbreakpenalty=\count382
\c@biburlbreakpenalty=\count383
\c@biburlnumpenalty=\count384
\c@biburlucpenalty=\count385
\c@biburllcpenalty=\count386
\biburlbigskip=\muskip17
\biburlnumskip=\muskip18
\biburlucskip=\muskip19
\biburllcskip=\muskip20
\c@smartand=\count387
)
Package biblatex Info: Trying to load bibliography style 'numeric'...
Package biblatex Info: ... file 'numeric.bbx' found.
(c:/Users/vandermeersch/AppData/Roaming/TinyTeX/texmf-dist/tex/latex/biblatex/bbx/numeric.bbx
File: numeric.bbx 2023/03/05 v3.19 biblatex bibliography style (PK/MW)
Package biblatex Info: Trying to load bibliography style 'standard'...
Package biblatex Info: ... file 'standard.bbx' found.
(c:/Users/vandermeersch/AppData/Roaming/TinyTeX/texmf-dist/tex/latex/biblatex/bbx/standard.bbx
File: standard.bbx 2023/03/05 v3.19 biblatex bibliography style (PK/MW)
\c@bbx:relatedcount=\count388
\c@bbx:relatedtotal=\count389
))
Package biblatex Info: Trying to load citation style 'numeric'...
Package biblatex Info: ... file 'numeric.cbx' found.
(c:/Users/vandermeersch/AppData/Roaming/TinyTeX/texmf-dist/tex/latex/biblatex/cbx/numeric.cbx
File: numeric.cbx 2023/03/05 v3.19 biblatex citation style (PK/MW)
Package biblatex Info: Redefining '\cite'.
Package biblatex Info: Redefining '\parencite'.
Package biblatex Info: Redefining '\footcite'.
Package biblatex Info: Redefining '\footcitetext'.
Package biblatex Info: Redefining '\smartcite'.
Package biblatex Info: Redefining '\supercite'.
Package biblatex Info: Redefining '\textcite'.
Package biblatex Info: Redefining '\textcites'.
Package biblatex Info: Redefining '\cites'.
Package biblatex Info: Redefining '\parencites'.
Package biblatex Info: Redefining '\smartcites'.
)
Package biblatex Info: Trying to load configuration file...
Package biblatex Info: ... file 'biblatex.cfg' found.
(c:/Users/vandermeersch/AppData/Roaming/TinyTeX/texmf-dist/tex/latex/biblatex/biblatex.cfg
File: biblatex.cfg 
)
Package biblatex Info: Input encoding 'utf8' detected.
Package biblatex Info: Document encoding is UTF8 ....
(c:/Users/vandermeersch/AppData/Roaming/TinyTeX/texmf-dist/tex/latex/l3kernel/expl3.sty
Package: expl3 2023-02-22 L3 programming layer (loader) 
(c:/Users/vandermeersch/AppData/Roaming/TinyTeX/texmf-dist/tex/latex/l3backend/l3backend-pdftex.def
File: l3backend-pdftex.def 2023-01-16 L3 backend support: PDF output (pdfTeX)
\l__color_backend_stack_int=\count390
\l__pdf_internal_box=\box52
))
Package biblatex Info: ... and expl3
(biblatex)             2023-02-22 L3 programming layer (loader) 
(biblatex)             is new enough (at least 2020/04/06),
(biblatex)             setting 'casechanger=expl3'.
(c:/Users/vandermeersch/AppData/Roaming/TinyTeX/texmf-dist/tex/latex/biblatex/blx-case-expl3.sty (c:/Users/vandermeersch/AppData/Roaming/TinyTeX/texmf-dist/tex/latex/l3packages/xparse/xparse.sty
Package: xparse 2023-02-02 L3 Experimental document command parser
)
Package: blx-case-expl3 2023/03/05 v3.19 expl3 case changing code for biblatex
))
\c@hypothesis=\count391
(c:/Users/vandermeersch/AppData/Roaming/TinyTeX/texmf-dist/tex/latex/setspace/setspace.sty
Package: setspace 2022/12/04 v6.7b set line spacing
) (c:/Users/vandermeersch/AppData/Roaming/TinyTeX/texmf-dist/tex/latex/xcolor/xcolor.sty
Package: xcolor 2022/06/12 v2.14 LaTeX color extensions (UK)
(c:/Users/vandermeersch/AppData/Roaming/TinyTeX/texmf-dist/tex/latex/graphics-cfg/color.cfg
File: color.cfg 2016/01/02 v1.6 sample color configuration
)
Package xcolor Info: Driver file: pdftex.def on input line 227.
(c:/Users/vandermeersch/AppData/Roaming/TinyTeX/texmf-dist/tex/latex/graphics/mathcolor.ltx)
Package xcolor Info: Model `cmy' substituted by `cmy0' on input line 1353.
Package xcolor Info: Model `hsb' substituted by `rgb' on input line 1357.
Package xcolor Info: Model `RGB' extended on input line 1369.
Package xcolor Info: Model `HTML' substituted by `rgb' on input line 1371.
Package xcolor Info: Model `Hsb' substituted by `hsb' on input line 1372.
Package xcolor Info: Model `tHsb' substituted by `hsb' on input line 1373.
Package xcolor Info: Model `HSB' substituted by `hsb' on input line 1374.
Package xcolor Info: Model `Gray' substituted by `gray' on input line 1375.
Package xcolor Info: Model `wave' substituted by `hsb' on input line 1376.
) (c:/Users/vandermeersch/AppData/Roaming/TinyTeX/texmf-dist/tex/latex/float/float.sty
Package: float 2001/11/08 v1.3d Float enhancements (AL)
\c@float@type=\count392
\float@exts=\toks23
\float@box=\box53
\@float@everytoks=\toks24
\@floatcapt=\box54
) (c:/Users/vandermeersch/AppData/Roaming/TinyTeX/texmf-dist/tex/latex/caption/caption.sty
Package: caption 2022/03/01 v3.6b Customizing captions (AR)
(c:/Users/vandermeersch/AppData/Roaming/TinyTeX/texmf-dist/tex/latex/caption/caption3.sty
Package: caption3 2022/03/17 v2.3b caption3 kernel (AR)
\caption@tempdima=\dimen156
\captionmargin=\dimen157
\caption@leftmargin=\dimen158
\caption@rightmargin=\dimen159
\caption@width=\dimen160
\caption@indent=\dimen161
\caption@parindent=\dimen162
\caption@hangindent=\dimen163
Package caption Info: Standard document class detected.
)
\c@caption@flags=\count393
\c@continuedfloat=\count394
Package caption Info: float package is loaded.
) (c:/Users/vandermeersch/AppData/Roaming/TinyTeX/texmf-dist/tex/latex/lineno/lineno.sty
Package: lineno 2023/01/19 line numbers on paragraphs v5.1
\linenopenalty=\count395
\output=\toks25
\linenoprevgraf=\count396
\linenumbersep=\dimen164
\linenumberwidth=\dimen165
\c@linenumber=\count397
\c@pagewiselinenumber=\count398
\c@LN@truepage=\count399
\c@internallinenumber=\count400
\c@internallinenumbers=\count401
\quotelinenumbersep=\dimen166
\bframerule=\dimen167
\bframesep=\dimen168
\bframebox=\box55
LaTeX Info: Redefining \\ on input line 3131.
) (c:/Users/vandermeersch/AppData/Roaming/TinyTeX/texmf-dist/tex/latex/placeins/placeins.sty
Package: placeins 2005/04/18  v 2.2
)
\cslhangindent=\skip79
\csllabelwidth=\skip80
(c:/Users/vandermeersch/AppData/Roaming/TinyTeX/texmf-dist/tex/latex/tools/calc.sty
Package: calc 2017/05/25 v4.3 Infix arithmetic (KKT,FJ)
\calc@Acount=\count402
\calc@Bcount=\count403
\calc@Adimen=\dimen169
\calc@Bdimen=\dimen170
\calc@Askip=\skip81
\calc@Bskip=\skip82
LaTeX Info: Redefining \setlength on input line 80.
LaTeX Info: Redefining \addtolength on input line 81.
\calc@Ccount=\count404
\calc@Cskip=\skip83
) (c:/Users/vandermeersch/AppData/Roaming/TinyTeX/texmf-dist/tex/latex/hyperref/hyperref.sty
Package: hyperref 2023-02-07 v7.00v Hypertext links for LaTeX
(c:/Users/vandermeersch/AppData/Roaming/TinyTeX/texmf-dist/tex/generic/kvdefinekeys/kvdefinekeys.sty
Package: kvdefinekeys 2019-12-19 v1.6 Define keys (HO)
) (c:/Users/vandermeersch/AppData/Roaming/TinyTeX/texmf-dist/tex/generic/pdfescape/pdfescape.sty
Package: pdfescape 2019/12/09 v1.15 Implements pdfTeX's escape features (HO)
) (c:/Users/vandermeersch/AppData/Roaming/TinyTeX/texmf-dist/tex/latex/hycolor/hycolor.sty
Package: hycolor 2020-01-27 v1.10 Color options for hyperref/bookmark (HO)
) (c:/Users/vandermeersch/AppData/Roaming/TinyTeX/texmf-dist/tex/latex/letltxmacro/letltxmacro.sty
Package: letltxmacro 2019/12/03 v1.6 Let assignment for LaTeX macros (HO)
) (c:/Users/vandermeersch/AppData/Roaming/TinyTeX/texmf-dist/tex/latex/auxhook/auxhook.sty
Package: auxhook 2019-12-17 v1.6 Hooks for auxiliary files (HO)
) (c:/Users/vandermeersch/AppData/Roaming/TinyTeX/texmf-dist/tex/latex/hyperref/nameref.sty
Package: nameref 2022-05-17 v2.50 Cross-referencing by name of section
(c:/Users/vandermeersch/AppData/Roaming/TinyTeX/texmf-dist/tex/latex/refcount/refcount.sty
Package: refcount 2019/12/15 v3.6 Data extraction from label references (HO)
) (c:/Users/vandermeersch/AppData/Roaming/TinyTeX/texmf-dist/tex/generic/gettitlestring/gettitlestring.sty
Package: gettitlestring 2019/12/15 v1.6 Cleanup title references (HO)
)
\c@section@level=\count405
)
\@linkdim=\dimen171
\Hy@linkcounter=\count406
\Hy@pagecounter=\count407
(c:/Users/vandermeersch/AppData/Roaming/TinyTeX/texmf-dist/tex/latex/hyperref/pd1enc.def
File: pd1enc.def 2023-02-07 v7.00v Hyperref: PDFDocEncoding definition (HO)
Now handling font encoding PD1 ...
... no UTF-8 mapping file for font encoding PD1
) (c:/Users/vandermeersch/AppData/Roaming/TinyTeX/texmf-dist/tex/generic/intcalc/intcalc.sty
Package: intcalc 2019/12/15 v1.3 Expandable calculations with integers (HO)
) (c:/Users/vandermeersch/AppData/Roaming/TinyTeX/texmf-dist/tex/generic/etexcmds/etexcmds.sty
Package: etexcmds 2019/12/15 v1.7 Avoid name clashes with e-TeX commands (HO)
)
\Hy@SavedSpaceFactor=\count408
(c:/Users/vandermeersch/AppData/Roaming/TinyTeX/texmf-dist/tex/latex/hyperref/puenc.def
File: puenc.def 2023-02-07 v7.00v Hyperref: PDF Unicode definition (HO)
Now handling font encoding PU ...
... no UTF-8 mapping file for font encoding PU
)
Package hyperref Info: Option `unicode' set `true' on input line 4060.
Package hyperref Info: Hyper figures OFF on input line 4177.
Package hyperref Info: Link nesting OFF on input line 4182.
Package hyperref Info: Hyper index ON on input line 4185.
Package hyperref Info: Plain pages OFF on input line 4192.
Package hyperref Info: Backreferencing OFF on input line 4197.
Package hyperref Info: Implicit mode ON; LaTeX internals redefined.
Package hyperref Info: Bookmarks ON on input line 4425.
\c@Hy@tempcnt=\count409
LaTeX Info: Redefining \url on input line 4763.
\XeTeXLinkMargin=\dimen172
(c:/Users/vandermeersch/AppData/Roaming/TinyTeX/texmf-dist/tex/generic/bitset/bitset.sty
Package: bitset 2019/12/09 v1.3 Handle bit-vector datatype (HO)
(c:/Users/vandermeersch/AppData/Roaming/TinyTeX/texmf-dist/tex/generic/bigintcalc/bigintcalc.sty
Package: bigintcalc 2019/12/15 v1.5 Expandable calculations on big integers (HO)
))
\Fld@menulength=\count410
\Field@Width=\dimen173
\Fld@charsize=\dimen174
Package hyperref Info: Hyper figures OFF on input line 6042.
Package hyperref Info: Link nesting OFF on input line 6047.
Package hyperref Info: Hyper index ON on input line 6050.
Package hyperref Info: backreferencing OFF on input line 6057.
Package hyperref Info: Link coloring OFF on input line 6062.
Package hyperref Info: Link coloring with OCG OFF on input line 6067.
Package hyperref Info: PDF/A mode OFF on input line 6072.
(c:/Users/vandermeersch/AppData/Roaming/TinyTeX/texmf-dist/tex/latex/base/atbegshi-ltx.sty
Package: atbegshi-ltx 2021/01/10 v1.0c Emulation of the original atbegshi
package with kernel methods
)
\Hy@abspage=\count411
\c@Item=\count412
\c@Hfootnote=\count413
)
Package hyperref Info: Driver (autodetected): hpdftex.
(c:/Users/vandermeersch/AppData/Roaming/TinyTeX/texmf-dist/tex/latex/hyperref/hpdftex.def
File: hpdftex.def 2023-02-07 v7.00v Hyperref driver for pdfTeX
(c:/Users/vandermeersch/AppData/Roaming/TinyTeX/texmf-dist/tex/latex/base/atveryend-ltx.sty
Package: atveryend-ltx 2020/08/19 v1.0a Emulation of the original atveryend package
with kernel methods
)
\Fld@listcount=\count414
\c@bookmark@seq@number=\count415
(c:/Users/vandermeersch/AppData/Roaming/TinyTeX/texmf-dist/tex/latex/rerunfilecheck/rerunfilecheck.sty
Package: rerunfilecheck 2022-07-10 v1.10 Rerun checks for auxiliary files (HO)
(c:/Users/vandermeersch/AppData/Roaming/TinyTeX/texmf-dist/tex/generic/uniquecounter/uniquecounter.sty
Package: uniquecounter 2019/12/15 v1.4 Provide unlimited unique counter (HO)
)
Package uniquecounter Info: New unique counter `rerunfilecheck' on input line 285.
)
\Hy@SectionHShift=\skip84
)
Package hyperref Info: Option `colorlinks' set `true' on input line 184.
Package hyperref Info: Option `breaklinks' set `true' on input line 184.
(c:/Users/vandermeersch/AppData/Roaming/TinyTeX/texmf-dist/tex/latex/cleveref/cleveref.sty
Package: cleveref 2018/03/27 v0.21.4 Intelligent cross-referencing
Package cleveref Info: `hyperref' support loaded on input line 2370.
LaTeX Info: Redefining \cref on input line 2370.
LaTeX Info: Redefining \Cref on input line 2370.
LaTeX Info: Redefining \crefrange on input line 2370.
LaTeX Info: Redefining \Crefrange on input line 2370.
LaTeX Info: Redefining \cpageref on input line 2370.
LaTeX Info: Redefining \Cpageref on input line 2370.
LaTeX Info: Redefining \cpagerefrange on input line 2370.
LaTeX Info: Redefining \Cpagerefrange on input line 2370.
LaTeX Info: Redefining \labelcref on input line 2370.
LaTeX Info: Redefining \labelcpageref on input line 2370.
Package cleveref Info: always capitalise cross-reference names on input line 7825.
Package cleveref Info: include cross-reference names in hyperlinks on input line 7836.
Package cleveref Info: always capitalise cross-reference names on input line 7852.
Package cleveref Info: include cross-reference names in hyperlinks on input line 7852.
)
\@quotelevel=\count416
\@quotereset=\count417
(./paper.aux)
\openout1 = `paper.aux'.

LaTeX Font Info:    Checking defaults for OML/cmm/m/it on input line 191.
LaTeX Font Info:    ... okay on input line 191.
LaTeX Font Info:    Checking defaults for OMS/cmsy/m/n on input line 191.
LaTeX Font Info:    ... okay on input line 191.
LaTeX Font Info:    Checking defaults for OT1/cmr/m/n on input line 191.
LaTeX Font Info:    ... okay on input line 191.
LaTeX Font Info:    Checking defaults for T1/cmr/m/n on input line 191.
LaTeX Font Info:    ... okay on input line 191.
LaTeX Font Info:    Checking defaults for TS1/cmr/m/n on input line 191.
LaTeX Font Info:    ... okay on input line 191.
LaTeX Font Info:    Checking defaults for OMX/cmex/m/n on input line 191.
LaTeX Font Info:    ... okay on input line 191.
LaTeX Font Info:    Checking defaults for U/cmr/m/n on input line 191.
LaTeX Font Info:    ... okay on input line 191.
LaTeX Font Info:    Checking defaults for PD1/pdf/m/n on input line 191.
LaTeX Font Info:    ... okay on input line 191.
LaTeX Font Info:    Checking defaults for PU/pdf/m/n on input line 191.
LaTeX Font Info:    ... okay on input line 191.
*geometry* driver: auto-detecting
*geometry* detected driver: pdftex
*geometry* verbose mode - [ preamble ] result:
* driver: pdftex
* paper: <default>
* layout: <same size as paper>
* layoutoffset:(h,v)=(0.0pt,0.0pt)
* modes: 
* h-part:(L,W,R)=(72.26999pt, 469.75502pt, 72.26999pt)
* v-part:(T,H,B)=(72.26999pt, 650.43001pt, 72.26999pt)
* \paperwidth=614.295pt
* \paperheight=794.96999pt
* \textwidth=469.75502pt
* \textheight=650.43001pt
* \oddsidemargin=0.0pt
* \evensidemargin=0.0pt
* \topmargin=-37.0pt
* \headheight=12.0pt
* \headsep=25.0pt
* \topskip=11.0pt
* \footskip=30.0pt
* \marginparwidth=59.0pt
* \marginparsep=10.0pt
* \columnsep=10.0pt
* \skip\footins=10.0pt plus 4.0pt minus 2.0pt
* \hoffset=0.0pt
* \voffset=0.0pt
* \mag=1000
* \@twocolumnfalse
* \@twosidefalse
* \@mparswitchfalse
* \@reversemarginfalse
* (1in=72.27pt=25.4mm, 1cm=28.453pt)

\c@mv@tabular=\count418
\c@mv@boldtabular=\count419
(c:/Users/vandermeersch/AppData/Roaming/TinyTeX/texmf-dist/tex/latex/epstopdf-pkg/epstopdf-base.sty
Package: epstopdf-base 2020-01-24 v2.11 Base part for package epstopdf
(c:/Users/vandermeersch/AppData/Roaming/TinyTeX/texmf-dist/tex/latex/grfext/grfext.sty
Package: grfext 2019/12/03 v1.3 Manage graphics extensions (HO)
)
Package epstopdf-base Info: Redefining graphics rule for `.eps' on input line 485.
Package grfext Info: Graphics extension search list:
(grfext)             [.pdf,.png,.jpg,.mps,.jpeg,.jbig2,.jb2,.PDF,.PNG,.JPG,.JPEG,.JBIG2,.JB2,.eps]
(grfext)             \AppendGraphicsExtensions on input line 504.
(c:/Users/vandermeersch/AppData/Roaming/TinyTeX/texmf-dist/tex/latex/latexconfig/epstopdf-sys.cfg
File: epstopdf-sys.cfg 2010/07/13 v1.3 Configuration of (r)epstopdf for TeX Live
))
Package biblatex Info: Trying to load language 'english'...
Package biblatex Info: ... file 'english.lbx' found.
(c:/Users/vandermeersch/AppData/Roaming/TinyTeX/texmf-dist/tex/latex/biblatex/lbx/english.lbx
File: english.lbx 2023/03/05 v3.19 biblatex localization (PK/MW)
)
Package biblatex Info: Input encoding 'utf8' detected.
Package biblatex Info: Automatic encoding selection.
(biblatex)             Assuming data encoding 'utf8'.
\openout3 = `paper.bcf'.

Package biblatex Info: Trying to load bibliographic data...
Package biblatex Info: ... file 'paper.bbl' not found.
No file paper.bbl.
Package biblatex Info: Reference section=0 on input line 191.
Package biblatex Info: Reference segment=0 on input line 191.
Package caption Info: Begin \AtBeginDocument code.
Package caption Info: hyperref package is loaded.
Package caption Info: End \AtBeginDocument code.
Package hyperref Info: Link coloring ON on input line 191.
(./paper.out) (./paper.out)
\@outlinefile=\write4
\openout4 = `paper.out'.

LaTeX Font Info:    Font shape `T1/LinuxLibertineT-TLF/m/n' will be
(Font)              scaled to size 18.0pt on input line 200.
LaTeX Font Info:    Font shape `T1/LinuxLibertineT-TLF/m/n' will be
(Font)              scaled to size 6.0pt on input line 202.
LaTeX Font Info:    Trying to load font information for T1+LinuxBiolinumT-TLF on input line 202.
(c:/Users/vandermeersch/AppData/Roaming/TinyTeX/texmf-dist/tex/latex/libertine/T1LinuxBiolinumT-TLF.fd
File: T1LinuxBiolinumT-TLF.fd 2017/03/20 (autoinst) Font definitions for T1/LinuxBiolinumT-TLF.
)
LaTeX Font Info:    Font shape `T1/LinuxBiolinumT-TLF/m/n' will be
(Font)              scaled to size 6.0pt on input line 202.
LaTeX Font Info:    Font shape `T1/LinuxLibertineT-TLF/b/n' will be
(Font)              scaled to size 11.0pt on input line 208.
LaTeX Font Info:    Trying to load font information for T1+phv on input line 208.
(c:/Users/vandermeersch/AppData/Roaming/TinyTeX/texmf-dist/tex/latex/psnfss/t1phv.fd
File: t1phv.fd 2020/03/25 scalable font definitions for T1/phv.
)
LaTeX Font Info:    Calculating math sizes for size <11> on input line 208.

LaTeX Font Warning: Font shape `OT1/cmr/m/n' in size <5.5> not available
(Font)              size <5> substituted on input line 208.


LaTeX Font Warning: Font shape `OML/cmm/m/it' in size <5.5> not available
(Font)              size <5> substituted on input line 208.


LaTeX Font Warning: Font shape `OMS/cmsy/m/n' in size <5.5> not available
(Font)              size <5> substituted on input line 208.

LaTeX Font Info:    External font `cmex10' loaded for size
(Font)              <11> on input line 208.
LaTeX Font Info:    External font `cmex10' loaded for size
(Font)              <7.69997> on input line 208.
LaTeX Font Info:    External font `cmex10' loaded for size
(Font)              <5.5> on input line 208.
LaTeX Font Info:    Font shape `T1/LinuxLibertineT-TLF/m/n' will be
(Font)              scaled to size 7.69997pt on input line 208.
LaTeX Font Info:    Trying to load font information for TS1+LinuxLibertineT-TLF on input line 208.
(c:/Users/vandermeersch/AppData/Roaming/TinyTeX/texmf-dist/tex/latex/libertine/TS1LinuxLibertineT-TLF.fd
File: TS1LinuxLibertineT-TLF.fd 2017/03/20 (autoinst) Font definitions for TS1/LinuxLibertineT-TLF.
)
LaTeX Font Info:    Font shape `TS1/LinuxLibertineT-TLF/m/n' will be
(Font)              scaled to size 7.69997pt on input line 208.
LaTeX Font Info:    Font shape `T1/LinuxLibertineT-TLF/m/n' will be
(Font)              scaled to size 11.0pt on input line 208.
LaTeX Font Info:    Font shape `T1/LinuxLibertineT-TLF/m/n' will be
(Font)              scaled to size 9.0pt on input line 208.
LaTeX Font Info:    External font `cmex10' loaded for size
(Font)              <9> on input line 208.
LaTeX Font Info:    External font `cmex10' loaded for size
(Font)              <6> on input line 208.
LaTeX Font Info:    External font `cmex10' loaded for size
(Font)              <5> on input line 208.
LaTeX Font Info:    Font shape `TS1/LinuxLibertineT-TLF/m/n' will be
(Font)              scaled to size 6.0pt on input line 208.
LaTeX Font Info:    Font shape `T1/LinuxLibertineT-TLF/m/it' will be
(Font)              scaled to size 11.0pt on input line 210.
LaTeX Font Info:    Font shape `T1/LinuxLibertineT-TLF/m/it' will be
(Font)              scaled to size 10.0pt on input line 210.
LaTeX Font Info:    Font shape `T1/LinuxLibertineT-TLF/m/it' will be
(Font)              scaled to size 10.95pt on input line 270.
LaTeX Font Info:    Font shape `T1/LinuxLibertineT-TLF/b/n' will be
(Font)              scaled to size 10.95pt on input line 287.
[1

{c:/Users/vandermeersch/AppData/Roaming/TinyTeX/texmf-var/fonts/map/pdftex/updmap/pdftex.map}] [2]
<paper_files/figure-latex/figure_climate_overview-1.pdf, id=115, 511.9125pt x 298.11375pt>
File: paper_files/figure-latex/figure_climate_overview-1.pdf Graphic file (type pdf)
<use paper_files/figure-latex/figure_climate_overview-1.pdf>
Package pdftex.def Info: paper_files/figure-latex/figure_climate_overview-1.pdf  used on input line 404.
(pdftex.def)             Requested size: 469.75449pt x 273.56291pt.
LaTeX Font Info:    Font shape `T1/LinuxLibertineT-TLF/m/n' will be
(Font)              scaled to size 10.0pt on input line 405.
[3]
LaTeX Font Info:    Trying to load font information for T1+LinuxLibertineMonoT-TLF on input line 411.
(c:/Users/vandermeersch/AppData/Roaming/TinyTeX/texmf-dist/tex/latex/libertine/T1LinuxLibertineMonoT-TLF.fd
File: T1LinuxLibertineMonoT-TLF.fd 2019/05/20 (autoinst) Font definitions for T1/LinuxLibertineMonoT-TLF.
)
LaTeX Font Info:    Font shape `T1/LinuxLibertineMonoT-TLF/m/n' in size <10.95> not available
(Font)              Font shape `T1/LinuxLibertineMonoT-TLF/regular/n' tried instead on input line 411.
LaTeX Font Info:    Font shape `T1/LinuxLibertineMonoT-TLF/regular/n' will be
(Font)              scaled to size 10.95pt on input line 411.
<paper_files/figure-latex/figure_tss_type2-1.pdf, id=134, 324.21124pt x 324.21124pt>
File: paper_files/figure-latex/figure_tss_type2-1.pdf Graphic file (type pdf)
<use paper_files/figure-latex/figure_tss_type2-1.pdf>
Package pdftex.def Info: paper_files/figure-latex/figure_tss_type2-1.pdf  used on input line 422.
(pdftex.def)             Requested size: 324.23022pt x 324.23022pt.
[4 <./paper_files/figure-latex/figure_climate_overview-1.pdf>]
<paper_files/figure-latex/figure_sorensen_type2-1.pdf, id=158, 324.21124pt x 324.21124pt>
File: paper_files/figure-latex/figure_sorensen_type2-1.pdf Graphic file (type pdf)
<use paper_files/figure-latex/figure_sorensen_type2-1.pdf>
Package pdftex.def Info: paper_files/figure-latex/figure_sorensen_type2-1.pdf  used on input line 437.
(pdftex.def)             Requested size: 324.23022pt x 324.23022pt.
[5 <./paper_files/figure-latex/figure_tss_type2-1.pdf>]
LaTeX Font Info:    Font shape `TS1/LinuxLibertineT-TLF/m/n' will be
(Font)              scaled to size 10.95pt on input line 459.

Overfull \hbox (14.37291pt too wide) in paragraph at lines 451--474
\T1/LinuxLibertineT-TLF/m/n/10.95 We used a monthly pa-le-o-cli-mate re-con-struc-tion dataset ([][]Arm-strong \T1/LinuxLibertineT-TLF/m/it/10.95 et al. \T1/LinuxLibertineT-TLF/m/n/10.95 2019[][]), gen-er-ated with the HadCM3B-
 []

[6 <./paper_files/figure-latex/figure_sorensen_type2-1.pdf>] [7]
Overfull \hbox (5.42392pt too wide) in paragraph at lines 534--542
\T1/LinuxLibertineT-TLF/m/n/10.95 the his-tor-i-cal cli-mate (1970-2000), ex-tracted from ERA5-Land hourly dataset ([][]\T1/LinuxLibertineT-TLF/b/n/10.95 Sabater2019?[][]\T1/LinuxLibertineT-TLF/m/n/10.95 ; [][]\T1/LinuxLibertineT-TLF/b/n/10.95 Sabater2021?[][]\T1/LinuxLibertineT-TLF/m/n/10.95 ).
 []

[8] [9] [10]
Overfull \hbox (12.87796pt too wide) in paragraph at lines 752--757
 \T1/LinuxLibertineT-TLF/m/n/10.95 Range Mod-el-ing of Many Species. \T1/LinuxLibertineT-TLF/m/it/10.95 Trends in Ecol-ogy & Evo-lu-tion\T1/LinuxLibertineT-TLF/m/n/10.95 , \T1/LinuxLibertineT-TLF/b/n/10.95 31\T1/LinuxLibertineT-TLF/m/n/10.95 , 860--871. [][]10.1016/j.tree.2016.08.005[][] 
 []

[11]
Overfull \hbox (23.39322pt too wide) in paragraph at lines 825--832
 \T1/LinuxLibertineT-TLF/m/n/10.95 com-mu-ni-ties. \T1/LinuxLibertineT-TLF/m/it/10.95 Pro-ceed-ings of the Royal So-ci-ety B: Bi-o-log-i-cal Sci-ences\T1/LinuxLibertineT-TLF/m/n/10.95 , \T1/LinuxLibertineT-TLF/b/n/10.95 283\T1/LinuxLibertineT-TLF/m/n/10.95 , 20152817. [][]10.1098/rspb.2015.2817[][] 
 []

[12]
Overfull \hbox (6.3255pt too wide) in paragraph at lines 877--882
 \T1/LinuxLibertineT-TLF/m/n/10.95 struc-ture and dy-nam-ics of bio-di-ver-sity pat-terns. \T1/LinuxLibertineT-TLF/m/it/10.95 Sci-ence Ad-vances\T1/LinuxLibertineT-TLF/m/n/10.95 , \T1/LinuxLibertineT-TLF/b/n/10.95 8\T1/LinuxLibertineT-TLF/m/n/10.95 , eabj2271. [][]10.1126/sci-adv.abj2271[][] 
 []

[13]
Overfull \hbox (46.92027pt too wide) in paragraph at lines 898--906
 \T1/LinuxLibertineT-TLF/m/n/10.95 im-prove pro-jec-tions of species dis-tri-bu-tions? \T1/LinuxLibertineT-TLF/m/it/10.95 Eco-log-i-cal Mod-elling\T1/LinuxLibertineT-TLF/m/n/10.95 , \T1/LinuxLibertineT-TLF/b/n/10.95 326\T1/LinuxLibertineT-TLF/m/n/10.95 , 63--74. [][]10.1016/j.ecolmodel.2015.11.007[][] 
 []

[14]
Overfull \hbox (0.7904pt too wide) in paragraph at lines 953--959
 []\T1/LinuxLibertineT-TLF/m/n/10.95 Valavi, R., Guillera-Arroita, G., Lahoz-Monfort, J.J. & Elith, J. (2022). Pre-dic-tive per-for-mance of presence-
 []


Overfull \hbox (0.7585pt too wide) in paragraph at lines 967--974
 \T1/LinuxLibertineT-TLF/m/n/10.95 species dis-tri-bu-tion mod-els. \T1/LinuxLibertineT-TLF/m/it/10.95 Global Change Bi-ol-ogy\T1/LinuxLibertineT-TLF/m/n/10.95 , \T1/LinuxLibertineT-TLF/b/n/10.95 18\T1/LinuxLibertineT-TLF/m/n/10.95 , 1698--1713. [][]10.1111/j.1365-2486.2011.02635.x[][] 
 []


Overfull \hbox (47.6712pt too wide) in paragraph at lines 986--992
 \T1/LinuxLibertineT-TLF/m/n/10.95 cli-mates by 2100 AD. \T1/LinuxLibertineT-TLF/m/it/10.95 Pro-ceed-ings of the Na-tional Academy of Sci-ences\T1/LinuxLibertineT-TLF/m/n/10.95 , \T1/LinuxLibertineT-TLF/b/n/10.95 104\T1/LinuxLibertineT-TLF/m/n/10.95 , 5738--5742. [][]10.1073/pnas.0606292104[][] 
 []

[15] [16]

LaTeX Warning: Empty bibliography on input line 1029.

(./paper.aux)

LaTeX Font Warning: Size substitutions with differences
(Font)              up to 0.5pt have occurred.

Package rerunfilecheck Info: File `paper.out' has not changed.
(rerunfilecheck)             Checksum: 94E4EB32F7FBFE83394256F85F175597;1571.
Package logreq Info: Writing requests to 'paper.run.xml'.
\openout1 = `paper.run.xml'.

 ) 
Here is how much of TeX's memory you used:
 21664 strings out of 477984
 405535 string characters out of 5837085
 1870382 words of memory out of 5000000
 41497 multiletter control sequences out of 15000+600000
 588164 words of font info for 75 fonts, out of 8000000 for 9000
 14 hyphenation exceptions out of 8191
 69i,8n,117p,678b,851s stack positions out of 10000i,1000n,20000p,200000b,200000s

pdfTeX warning (dest): name{ref-Noel2020} has been referenced but does not exist, replaced by a fixed one


pdfTeX warning (dest): name{ref-Sabater2021} has been referenced but does not exist, replaced by a fixed one


pdfTeX warning (dest): name{ref-Sabater2019} has been referenced but does not exist, replaced by a fixed one

{c:/Users/vandermeersch/AppData/Roaming/TinyTeX/texmf-dist/fonts/enc/dvips/libertine/lbtn_dhi6qf.enc}{c:/Users/vandermeersch/AppData/Roaming/TinyTeX/texmf-dist/fonts/enc/dvips/libertine/lbtn_nh77jq.enc}{c:/Users/vandermeersch/AppData/Roaming/TinyTeX/texmf-dist/fonts/enc/dvips/libertine/lbtn_7grukw.enc}{c:/Users/vandermeersch/AppData/Roaming/TinyTeX/texmf-dist/fonts/enc/dvips/libertine/lbtn_naooyc.enc}{c:/Users/vandermeersch/AppData/Roaming/TinyTeX/texmf-dist/fonts/enc/dvips/base/8r.enc}{c:/Users/vandermeersch/AppData/Roaming/TinyTeX/texmf-dist/fonts/enc/dvips/libertine/lbtn_25tcsq.enc}{c:/Users/vandermeersch/AppData/Roaming/TinyTeX/texmf-dist/fonts/enc/dvips/libertine/lbtn_76gpa5.enc}<c:/Users/vandermeersch/AppData/Roaming/TinyTeX/texmf-dist/fonts/type1/public/libertine/LinBiolinumT.pfb><c:/Users/vandermeersch/AppData/Roaming/TinyTeX/texmf-dist/fonts/type1/public/libertine/LinLibertineMT.pfb><c:/Users/vandermeersch/AppData/Roaming/TinyTeX/texmf-dist/fonts/type1/public/libertine/LinLibertineT.pfb><c:/Users/vandermeersch/AppData/Roaming/TinyTeX/texmf-dist/fonts/type1/public/libertine/LinLibertineTB.pfb><c:/Users/vandermeersch/AppData/Roaming/TinyTeX/texmf-dist/fonts/type1/public/libertine/LinLibertineTI.pfb><c:/Users/vandermeersch/AppData/Roaming/TinyTeX/texmf-dist/fonts/type1/urw/helvetic/uhvb8a.pfb>
Output written on paper.pdf (16 pages, 482019 bytes).
PDF statistics:
 443 PDF objects out of 1000 (max. 8388607)
 392 compressed objects within 4 object streams
 99 named destinations out of 1000 (max. 500000)
 96 words of extra memory for PDF output out of 10000 (max. 10000000)

