This file contains any messages produced by compilers while
running configure, to aid debugging if configure makes a mistake.

It was created by gwgen configure 0.1, which was
generated by GNU Autoconf 2.71.  Invocation command line was

  $ ./configure --includedir=C:/msys64/usr/include --libdir=C:/msys64/usr/lib --bindir=C:/msys64/usr/bin

## --------- ##
## Platform. ##
## --------- ##

hostname = BF10SC7
uname -m = x86_64
uname -r = 3.4.5.x86_64
uname -s = MINGW64_NT-10.0-19044
uname -v = 2023-01-20 09:17 UTC

/usr/bin/uname -p = unknown
/bin/uname -X     = unknown

/bin/arch              = x86_64
/usr/bin/arch -k       = unknown
/usr/convex/getsysinfo = unknown
/usr/bin/hostinfo      = unknown
/bin/machine           = unknown
/usr/bin/oslevel       = unknown
/bin/universe          = unknown

PATH: /mingw64/bin/
PATH: /usr/local/bin/
PATH: /usr/bin/
PATH: /bin/
PATH: /c/Windows/System32/
PATH: /c/Windows/
PATH: /c/Windows/System32/Wbem/
PATH: /c/Windows/System32/WindowsPowerShell/v1.0/
PATH: /usr/bin/site_perl/
PATH: /usr/bin/vendor_perl/
PATH: /usr/bin/core_perl/


## ----------- ##
## Core tests. ##
## ----------- ##

configure:1856: loading site script /etc/config.site
| # This file is in public domain.
| # Original author: Karlson2k (Evgeny Grin)
| # Written for MSys2 to help running 'configure' scripts
| 
| # Defaults for MSys2/MinGW64-targeted programs
| 
| # Set proper selfname on bash and fallback to default name on other shells
| test -n "${BASH_SOURCE}" 2>/dev/null && config_site_me="${BASH_SOURCE[0]##*/}" || config_site_me=config.site
| 
| # Set default 'host' to speedup configure
| if test -z "$build_alias"; then
|   build_alias="${MSYSTEM_CHOST}"  && \
|     ${as_echo-echo} "$config_site_me:${as_lineno-$LINENO}: default build_alias set to $build_alias" >&5
| fi
| 
| # Set default 'prefix'
| if ( test -z "$prefix" || test "x$prefix" = "xNONE" ) && \
|     ( test -z "$exec_prefix" || test "x$exec_prefix" = "xNONE" ); then
|   prefix="${MSYSTEM_PREFIX}" && \
|     ${as_echo-echo} "$config_site_me:${as_lineno-$LINENO}: default prefix set to $prefix" >&5
| fi
config.site:13: default build_alias set to x86_64-w64-mingw32
config.site:20: default prefix set to /mingw64
configure:2206: looking for aux files: compile missing install-sh
configure:2219:  trying ./config/
configure:2248:   ./config/compile found
configure:2248:   ./config/missing found
configure:2230:   ./config/install-sh found
configure:2381: checking for a BSD-compatible install
configure:2454: result: /usr/bin/install -c
configure:2465: checking whether build environment is sane
configure:2520: result: yes
configure:2679: checking for a race-free mkdir -p
configure:2723: result: /usr/bin/mkdir -p
configure:2730: checking for gawk
configure:2751: found /usr/bin/gawk
configure:2762: result: gawk
configure:2773: checking whether make sets $(MAKE)
configure:2796: result: yes
configure:2826: checking whether make supports nested variables
configure:2844: result: yes

## ---------------- ##
## Cache variables. ##
## ---------------- ##

ac_cv_env_CC_set=
ac_cv_env_CC_value=
ac_cv_env_CFLAGS_set=
ac_cv_env_CFLAGS_value=
ac_cv_env_CPPFLAGS_set=
ac_cv_env_CPPFLAGS_value=
ac_cv_env_FCFLAGS_set=
ac_cv_env_FCFLAGS_value=
ac_cv_env_FC_set=
ac_cv_env_FC_value=
ac_cv_env_LDFLAGS_set=
ac_cv_env_LDFLAGS_value=
ac_cv_env_LIBS_set=
ac_cv_env_LIBS_value=
ac_cv_env_MPIFC_set=
ac_cv_env_MPIFC_value=
ac_cv_env_build_alias_set=
ac_cv_env_build_alias_value=
ac_cv_env_host_alias_set=
ac_cv_env_host_alias_value=
ac_cv_env_target_alias_set=
ac_cv_env_target_alias_value=
ac_cv_path_install='/usr/bin/install -c'
ac_cv_path_mkdir=/usr/bin/mkdir
ac_cv_prog_AWK=gawk
ac_cv_prog_make_make_set=yes
am_cv_make_support_nested_variables=yes

## ----------------- ##
## Output variables. ##
## ----------------- ##

ACLOCAL='${SHELL} '\''/c/Users/vandermeersch/Documents/CEFE/phd/hindcasting/climate_data/generate/scripts/daily_weather_generator_v2/gwgen_parallel-master/config/missing'\'' aclocal-1.16'
AMDEPBACKSLASH=''
AMDEP_FALSE=''
AMDEP_TRUE=''
AMTAR='$${TAR-tar}'
AM_BACKSLASH='\'
AM_DEFAULT_V='$(AM_DEFAULT_VERBOSITY)'
AM_DEFAULT_VERBOSITY='1'
AM_V='$(V)'
AUTOCONF='${SHELL} '\''/c/Users/vandermeersch/Documents/CEFE/phd/hindcasting/climate_data/generate/scripts/daily_weather_generator_v2/gwgen_parallel-master/config/missing'\'' autoconf'
AUTOHEADER='${SHELL} '\''/c/Users/vandermeersch/Documents/CEFE/phd/hindcasting/climate_data/generate/scripts/daily_weather_generator_v2/gwgen_parallel-master/config/missing'\'' autoheader'
AUTOMAKE='${SHELL} '\''/c/Users/vandermeersch/Documents/CEFE/phd/hindcasting/climate_data/generate/scripts/daily_weather_generator_v2/gwgen_parallel-master/config/missing'\'' automake-1.16'
AWK='gawk'
CC=''
CCDEPMODE=''
CFLAGS=''
CPPFLAGS=''
CSCOPE='cscope'
CTAGS='ctags'
CYGPATH_W='cygpath -w'
DEFS=''
DEPDIR=''
ECHO_C=''
ECHO_N='-n'
ECHO_T=''
ETAGS='etags'
EXEEXT=''
FC=''
FCFLAGS=''
FCFLAGS_f90=''
INSTALL_DATA='${INSTALL} -m 644'
INSTALL_PROGRAM='${INSTALL}'
INSTALL_SCRIPT='${INSTALL}'
INSTALL_STRIP_PROGRAM='$(install_sh) -c -s'
LDFLAGS=''
LIBOBJS=''
LIBS=''
LTLIBOBJS=''
MAKEINFO='${SHELL} '\''/c/Users/vandermeersch/Documents/CEFE/phd/hindcasting/climate_data/generate/scripts/daily_weather_generator_v2/gwgen_parallel-master/config/missing'\'' makeinfo'
MKDIR_P='/usr/bin/mkdir -p'
MPIFC=''
OBJEXT=''
PACKAGE='gwgen'
PACKAGE_BUGREPORT='jed.kaplan@arve-research.com'
PACKAGE_NAME='gwgen'
PACKAGE_STRING='gwgen 0.1'
PACKAGE_TARNAME='gwgen'
PACKAGE_URL=''
PACKAGE_VERSION='0.1'
PATH_SEPARATOR=':'
SET_MAKE=''
SHELL='/bin/sh'
STRIP=''
VERSION='0.1'
ac_ct_CC=''
ac_ct_FC=''
am__EXEEXT_FALSE=''
am__EXEEXT_TRUE=''
am__fastdepCC_FALSE=''
am__fastdepCC_TRUE=''
am__include=''
am__isrc=''
am__leading_dot='.'
am__nodep=''
am__quote=''
am__tar='$${TAR-tar} chof - "$$tardir"'
am__untar='$${TAR-tar} xf -'
bindir='C:/msys64/usr/bin'
build_alias='x86_64-w64-mingw32'
datadir='${datarootdir}'
datarootdir='${prefix}/share'
docdir='${datarootdir}/doc/${PACKAGE_TARNAME}'
dvidir='${docdir}'
exec_prefix='NONE'
host_alias=''
htmldir='${docdir}'
includedir='C:/msys64/usr/include'
infodir='${datarootdir}/info'
install_sh='${SHELL} /c/Users/vandermeersch/Documents/CEFE/phd/hindcasting/climate_data/generate/scripts/daily_weather_generator_v2/gwgen_parallel-master/config/install-sh'
libdir='C:/msys64/usr/lib'
libexecdir='${exec_prefix}/libexec'
localedir='${datarootdir}/locale'
localstatedir='${prefix}/var'
mandir='${datarootdir}/man'
mkdir_p='$(MKDIR_P)'
oldincludedir='/usr/include'
pdfdir='${docdir}'
prefix='/mingw64'
program_transform_name='s,x,x,'
psdir='${docdir}'
runstatedir='${localstatedir}/run'
sbindir='${exec_prefix}/sbin'
sharedstatedir='${prefix}/com'
sysconfdir='${prefix}/etc'
target_alias=''

## ----------- ##
## confdefs.h. ##
## ----------- ##

/* confdefs.h */
#define PACKAGE_NAME "gwgen"
#define PACKAGE_TARNAME "gwgen"
#define PACKAGE_VERSION "0.1"
#define PACKAGE_STRING "gwgen 0.1"
#define PACKAGE_BUGREPORT "jed.kaplan@arve-research.com"
#define PACKAGE_URL ""
#define PACKAGE "gwgen"
#define VERSION "0.1"

configure: exit 2
