Wed Dec 14 13:21:42 CET 2022
MaxEnt version 3.4.3
Reading file absence
readGrid: max memory 2147483648, total allocated 1069547520, free 1046478848, used 23068672, increment 23068672
Reading samples from presence
Read samples: max memory 2147483648, total allocated 1069547520, free 784477712, used 285069808, increment 262001136
Adding samples to background in feature space
Command line used:  autorun -e C:/Users/vandermeersch/Documents/CEFE/phd/correlative_models/maxent/process_files/absence -o C:/Users/vandermeersch/Documents/CEFE/phd/correlative_models/maxent/process_files -s C:/Users/vandermeersch/Documents/CEFE/phd/correlative_models/maxent/process_files/presence -z nothreshold
Command line to repeat: java density.MaxEnt nowarnings noprefixes outputdirectory=C:/Users/vandermeersch/Documents/CEFE/phd/correlative_models/maxent/process_files samplesfile=C:/Users/vandermeersch/Documents/CEFE/phd/correlative_models/maxent/process_files/presence environmentallayers=C:/Users/vandermeersch/Documents/CEFE/phd/correlative_models/maxent/process_files/absence autorun novisible
Species: species
Layers: WHC bio12 bio6 pH sum_apsep_GDD5 w_bal
Layertypes: Continuous Continuous Continuous Continuous Continuous Continuous
outputdirectory: C:/Users/vandermeersch/Documents/CEFE/phd/correlative_models/maxent/process_files
samplesfile: C:/Users/vandermeersch/Documents/CEFE/phd/correlative_models/maxent/process_files/presence
environmentallayers: C:/Users/vandermeersch/Documents/CEFE/phd/correlative_models/maxent/process_files/absence
autorun: true
visible: false

getSamples: max memory 2147483648, total allocated 1069547520, free 775040528, used 294506992, increment 9437184
Making features
makeFeatures: max memory 2147483648, total allocated 1069547520, free 760201312, used 309346208, increment 14839216
species: 
Regularization values: linear/quadratic/product: 0.050, categorical: 0.250, threshold: 1.000, hinge: 0.500
Time since start: 1.36
1000 samples
Density: max memory 2147483648, total allocated 1069547520, free 699140480, used 370407040, increment 61060832
linearPredictor: max memory 2147483648, total allocated 1069547520, free 698737904, used 370809616, increment 402576
FeaturedSpace: max memory 2147483648, total allocated 1069547520, free 698737904, used 370809616, increment 0
Sequential: max memory 2147483648, total allocated 1069547520, free 698737904, used 370809616, increment 0
Initial loss: 10.826157891374322
Time since start: 32.049
500: time = 30,515000 loss = 10,131729
Resulting gain: 0.6944285466954785
Time since start: 33.426
Projecting...
Writing file C:\Users\vandermeersch\Documents\CEFE\thesis\correlative_models\maxent\process_files\species.csv
Time since start: 35.886
Ending
