\BOOKMARK [1][-]{section*.1}{\376\377\000I\000n\000t\000r\000o\000d\000u\000c\000t\000i\000o\000n}{}% 1
\BOOKMARK [1][-]{section*.2}{\376\377\0001\000.\000\040\000M\000a\000t\000e\000r\000i\000a\000l\000\040\000a\000n\000d\000\040\000m\000e\000t\000h\000o\000d\000s}{}% 2
\BOOKMARK [2][-]{subsection*.3}{\376\377\0001\000.\0001\000.\000\040\000P\000r\000o\000c\000e\000s\000s\000-\000b\000a\000s\000e\000d\000\040\000m\000o\000d\000e\000l\000s}{section*.2}% 3
\BOOKMARK [2][-]{subsection*.4}{\376\377\0001\000.\0002\000.\000\040\000D\000a\000t\000a\000\040\000f\000o\000r\000\040\000t\000h\000e\000\040\000c\000a\000l\000i\000b\000r\000a\000t\000i\000o\000n}{section*.2}% 4
\BOOKMARK [3][-]{subsubsection*.5}{\376\377\0001\000.\0002\000.\0001\000.\000\040\000C\000l\000i\000m\000a\000t\000e\000\040\000a\000n\000d\000\040\000s\000o\000i\000l\000\040\000d\000a\000t\000a}{subsection*.4}% 5
\BOOKMARK [3][-]{subsubsection*.6}{\376\377\0001\000.\0002\000.\0002\000.\000\040\000T\000r\000e\000e\000\040\000o\000c\000c\000u\000r\000r\000e\000n\000c\000e\000s\000\040\000i\000n\000\040\000E\000u\000r\000o\000p\000e}{subsection*.4}% 6
\BOOKMARK [2][-]{subsection*.7}{\376\377\0001\000.\0003\000.\000\040\000M\000o\000d\000e\000l\000\040\000c\000a\000l\000i\000b\000r\000a\000t\000i\000o\000n}{section*.2}% 7
\BOOKMARK [3][-]{subsubsection*.8}{\376\377\0001\000.\0003\000.\0001\000.\000\040\000C\000o\000v\000a\000r\000i\000a\000n\000c\000e\000\040\000M\000a\000t\000r\000i\000x\000\040\000A\000d\000a\000p\000t\000a\000t\000i\000o\000n\000\040\000E\000v\000o\000l\000u\000t\000i\000o\000n\000\040\000S\000t\000r\000a\000t\000e\000g\000y\000\040\000p\000r\000i\000n\000c\000i\000p\000l\000e\000s}{subsection*.7}% 8
\BOOKMARK [3][-]{subsubsection*.9}{\376\377\0001\000.\0003\000.\0002\000.\000\040\000C\000M\000A\000-\000E\000S\000\040\000i\000n\000\040\000p\000r\000a\000c\000t\000i\000c\000e}{subsection*.7}% 9
\BOOKMARK [3][-]{subsubsection*.11}{\376\377\0001\000.\0003\000.\0003\000.\000\040\000A\000p\000p\000r\000o\000x\000i\000m\000a\000t\000e\000\040\000B\000a\000y\000e\000s\000i\000a\000n\000\040\000C\000o\000m\000p\000u\000t\000a\000t\000i\000o\000n}{subsection*.7}% 10
\BOOKMARK [1][-]{section*.12}{\376\377\0002\000.\000\040\000R\000e\000s\000u\000l\000t\000s}{}% 11
\BOOKMARK [2][-]{subsection*.13}{\376\377\0002\000.\0001\000.\000\040\000C\000a\000l\000i\000b\000r\000a\000t\000i\000o\000n\000\040\000r\000e\000s\000u\000l\000t\000s}{section*.12}% 12
\BOOKMARK [2][-]{subsection*.16}{\376\377\0002\000.\0002\000.\000\040\000I\000m\000p\000a\000c\000t\000s\000\040\000o\000f\000\040\000s\000u\000b\000s\000a\000m\000p\000l\000i\000n\000g\000\040\000a\000n\000d\000\040\000c\000a\000l\000i\000b\000r\000a\000t\000i\000o\000n\000\040\000s\000t\000o\000c\000h\000a\000s\000t\000i\000c\000i\000t\000y}{section*.12}% 13
\BOOKMARK [3][-]{subsubsection*.17}{\376\377\0002\000.\0002\000.\0001\000.\000\040\000V\000a\000r\000i\000a\000b\000i\000l\000i\000t\000y\000\040\000o\000f\000\040\000c\000a\000l\000i\000b\000r\000a\000t\000i\000o\000n\000\040\000p\000e\000r\000f\000o\000r\000m\000a\000n\000c\000e}{subsection*.16}% 14
\BOOKMARK [3][-]{subsubsection*.19}{\376\377\0002\000.\0002\000.\0002\000.\000\040\000N\000o\000n\000-\000i\000d\000e\000n\000t\000i\000f\000i\000a\000b\000i\000l\000i\000t\000y\000\040\000o\000f\000\040\000p\000a\000r\000a\000m\000e\000t\000e\000r\000s}{subsection*.16}% 15
\BOOKMARK [2][-]{subsection*.21}{\376\377\0002\000.\0003\000.\000\040\000C\000o\000m\000p\000a\000r\000i\000n\000g\000\040\000C\000M\000A\000-\000E\000S\000\040\000a\000n\000d\000\040\000A\000B\000C\000\040\000e\000f\000f\000i\000c\000i\000e\000n\000c\000y}{section*.12}% 16
\BOOKMARK [1][-]{section*.23}{\376\377\0003\000.\000\040\000D\000i\000s\000c\000u\000s\000s\000i\000o\000n}{}% 17
\BOOKMARK [2][-]{subsection*.24}{\376\377\0003\000.\0001\000.\000\040\000P\000e\000r\000f\000o\000r\000m\000a\000n\000c\000e\000\040\000a\000n\000d\000\040\000a\000d\000v\000a\000n\000t\000a\000g\000e\000s\000\040\000o\000f\000\040\000C\000M\000A\000-\000E\000S\000\040\000t\000o\000\040\000c\000a\000l\000i\000b\000r\000a\000t\000e\000\040\000c\000o\000m\000p\000l\000e\000x\000\040\000m\000o\000d\000e\000l\000s\000\040\000i\000n\000\040\000e\000c\000o\000l\000o\000g\000y}{section*.23}% 18
\BOOKMARK [2][-]{subsection*.25}{\376\377\0003\000.\0002\000.\000\040\000N\000o\000n\000-\000i\000d\000e\000n\000t\000i\000f\000i\000a\000b\000i\000l\000i\000t\000y\000\040\000o\000f\000\040\000p\000a\000r\000a\000m\000e\000t\000e\000r\000\040\000v\000a\000l\000u\000e\000s}{section*.23}% 19
\BOOKMARK [2][-]{subsection*.26}{\376\377\0003\000.\0003\000.\000\040\000M\000e\000t\000h\000o\000d\000o\000l\000o\000g\000i\000c\000a\000l\000\040\000i\000s\000s\000u\000e\000s\000\040\000a\000n\000d\000\040\000p\000e\000r\000s\000p\000e\000c\000t\000i\000v\000e\000s\000\040\000o\000f\000\040\000o\000u\000r\000\040\000s\000t\000u\000d\000y}{section*.23}% 20
\BOOKMARK [1][-]{section*.27}{\376\377\000A\000c\000k\000n\000o\000w\000l\000e\000d\000g\000e\000m\000e\000n\000t\000s}{}% 21
\BOOKMARK [1][-]{section*.28}{\376\377\000C\000o\000n\000f\000l\000i\000c\000t\000\040\000o\000f\000\040\000i\000n\000t\000e\000r\000e\000s\000t}{}% 22
\BOOKMARK [1][-]{section*.29}{\376\377\000A\000u\000t\000h\000o\000r\000\040\000c\000o\000n\000t\000r\000i\000b\000u\000t\000i\000o\000n\000s}{}% 23
\BOOKMARK [1][-]{section*.30}{\376\377\000D\000a\000t\000a\000\040\000a\000v\000a\000i\000l\000a\000b\000i\000l\000i\000t\000y}{}% 24
\BOOKMARK [1][-]{section*.31}{\376\377\000R\000e\000f\000e\000r\000e\000n\000c\000e\000s}{}% 25
\BOOKMARK [1][-]{section*.32}{\376\377\000S\000u\000p\000p\000l\000e\000m\000e\000n\000t\000a\000r\000y\000\040\000A\000p\000p\000e\000n\000d\000i\000x\000\040\000A\000:\000\040\000I\000n\000s\000i\000g\000h\000t\000s\000\040\000o\000n\000\040\000t\000h\000e\000\040\000m\000o\000d\000e\000l\000s}{}% 26
\BOOKMARK [1][-]{section*.35}{\376\377\000S\000u\000p\000p\000l\000e\000m\000e\000n\000t\000a\000r\000y\000\040\000A\000p\000p\000e\000n\000d\000i\000x\000\040\000B\000:\000\040\000P\000r\000o\000c\000e\000s\000s\000i\000n\000g\000\040\000o\000f\000\040\000o\000c\000c\000u\000r\000r\000e\000n\000c\000e\000\040\000d\000a\000t\000a}{}% 27
\BOOKMARK [1][-]{section*.39}{\376\377\000S\000u\000p\000p\000l\000e\000m\000e\000n\000t\000a\000r\000y\000\040\000A\000p\000p\000e\000n\000d\000i\000x\000\040\000C\000:\000\040\000S\000p\000e\000c\000i\000e\000s\000\040\000d\000i\000s\000t\000r\000i\000b\000u\000t\000i\000o\000n\000s}{}% 28
\BOOKMARK [1][-]{section*.41}{\376\377\000S\000u\000p\000p\000l\000e\000m\000e\000n\000t\000a\000r\000y\000\040\000A\000p\000p\000e\000n\000d\000i\000x\000\040\000D\000:\000\040\000H\000a\000n\000d\000l\000i\000n\000g\000\040\000c\000o\000n\000s\000t\000r\000a\000i\000n\000t\000s\000\040\000i\000n\000\040\000C\000M\000A\000-\000E\000S}{}% 29
\BOOKMARK [2][-]{subsection*.42}{\376\377\000B\000o\000x\000\040\000c\000o\000n\000s\000t\000r\000a\000i\000n\000t\000\040\000h\000a\000n\000d\000l\000i\000n\000g}{section*.41}% 30
\BOOKMARK [2][-]{subsection*.43}{\376\377\000E\000c\000o\000l\000o\000g\000i\000c\000a\000l\000\040\000i\000n\000f\000e\000a\000s\000i\000b\000i\000l\000i\000t\000y\000\040\000c\000o\000n\000s\000t\000r\000a\000i\000n\000t}{section*.41}% 31
\BOOKMARK [1][-]{section*.44}{\376\377\000S\000u\000p\000p\000l\000e\000m\000e\000n\000t\000a\000r\000y\000\040\000A\000p\000p\000e\000n\000d\000i\000x\000\040\000E\000:\000\040\000h\000o\000l\000m\000\040\000o\000a\000k\000\040\000a\000n\000d\000\040\000s\000i\000l\000v\000e\000r\000\040\000f\000i\000r\000\040\000c\000a\000l\000i\000b\000r\000a\000t\000i\000o\000n\000s}{}% 32
\BOOKMARK [1][-]{section*.47}{\376\377\000S\000u\000p\000p\000l\000e\000m\000e\000n\000t\000a\000r\000y\000\040\000A\000p\000p\000e\000n\000d\000i\000x\000\040\000F\000:\000\040\000R\000a\000w\000\040\000m\000o\000d\000e\000l\000\040\000o\000u\000t\000p\000u\000t\000s}{}% 33
\BOOKMARK [1][-]{section*.50}{\376\377\000S\000u\000p\000p\000l\000e\000m\000e\000n\000t\000a\000r\000y\000\040\000A\000p\000p\000e\000n\000d\000i\000x\000\040\000G\000:\000\040\000L\000e\000a\000f\000\040\000u\000n\000f\000o\000l\000d\000i\000n\000g\000\040\000s\000u\000b\000m\000o\000d\000e\000l}{}% 34
\BOOKMARK [2][-]{subsection*.51}{\376\377\000F\000a\000g\000u\000s\000\040\000s\000y\000l\000v\000a\000t\000i\000c\000a\000\040\000l\000e\000a\000f\000\040\000u\000n\000f\000o\000l\000d\000i\000n\000g\000\040\000s\000u\000b\000m\000o\000d\000e\000l}{section*.50}% 35
